2023-05-15 16:43:17,197 [background-preinit] INFO  o.h.validator.internal.util.Version - HV000001: Hibernate Validator 8.0.0.Final
2023-05-15 16:43:17,236 [main] INFO  com.spe.poll.PollApplication - Starting PollApplication using Java 17.0.6 with PID 433815 (/home/kakshi/Desktop/MessExpert/poll/target/classes started by kakshi in /home/kakshi/Desktop/MessExpert)
2023-05-15 16:43:17,237 [main] INFO  com.spe.poll.PollApplication - No active profile set, falling back to 1 default profile: "default"
2023-05-15 16:43:17,928 [main] INFO  o.s.d.r.c.RepositoryConfigurationDelegate - Bootstrapping Spring Data JPA repositories in DEFAULT mode.
2023-05-15 16:43:18,019 [main] INFO  o.s.d.r.c.RepositoryConfigurationDelegate - Finished Spring Data repository scanning in 84 ms. Found 4 JPA repository interfaces.
2023-05-15 16:43:18,492 [main] INFO  o.s.b.w.e.tomcat.TomcatWebServer - Tomcat initialized with port(s): 9191 (http)
2023-05-15 16:43:18,499 [main] INFO  o.a.coyote.http11.Http11NioProtocol - Initializing ProtocolHandler ["http-nio-9191"]
2023-05-15 16:43:18,500 [main] INFO  o.a.catalina.core.StandardService - Starting service [Tomcat]
2023-05-15 16:43:18,501 [main] INFO  o.a.catalina.core.StandardEngine - Starting Servlet engine: [Apache Tomcat/10.1.8]
2023-05-15 16:43:18,578 [main] INFO  o.a.c.c.C.[Tomcat].[localhost].[/] - Initializing Spring embedded WebApplicationContext
2023-05-15 16:43:18,579 [main] INFO  o.s.b.w.s.c.ServletWebServerApplicationContext - Root WebApplicationContext: initialization completed in 1289 ms
2023-05-15 16:43:18,683 [main] INFO  o.h.jpa.internal.util.LogHelper - HHH000204: Processing PersistenceUnitInfo [name: default]
2023-05-15 16:43:18,723 [main] INFO  org.hibernate.Version - HHH000412: Hibernate ORM core version 6.1.7.Final
2023-05-15 16:43:18,962 [main] INFO  com.zaxxer.hikari.HikariDataSource - HikariPool-1 - Starting...
2023-05-15 16:43:19,187 [main] INFO  com.zaxxer.hikari.pool.HikariPool - HikariPool-1 - Added connection com.mysql.cj.jdbc.ConnectionImpl@4fd7b79
2023-05-15 16:43:19,189 [main] INFO  com.zaxxer.hikari.HikariDataSource - HikariPool-1 - Start completed.
2023-05-15 16:43:19,207 [main] INFO  SQL dialect - HHH000400: Using dialect: org.hibernate.dialect.MySQL57Dialect
2023-05-15 16:43:19,208 [main] WARN  org.hibernate.orm.deprecation - HHH90000026: MySQL57Dialect has been deprecated; use org.hibernate.dialect.MySQLDialect instead
2023-05-15 16:43:20,104 [main] INFO  o.h.e.t.j.p.i.JtaPlatformInitiator - HHH000490: Using JtaPlatform implementation: [org.hibernate.engine.transaction.jta.platform.internal.NoJtaPlatform]
2023-05-15 16:43:20,112 [main] INFO  o.s.o.j.LocalContainerEntityManagerFactoryBean - Initialized JPA EntityManagerFactory for persistence unit 'default'
2023-05-15 16:43:20,754 [main] DEBUG org.hibernate.SQL - select count(*) from users u1_0 where u1_0.id=?
2023-05-15 16:43:20,763 [main] DEBUG org.hibernate.SQL - select count(*) from image_data i1_0 where i1_0.id=?
2023-05-15 16:43:20,767 [main] DEBUG org.hibernate.SQL - select count(*) from image_data i1_0 where i1_0.id=?
2023-05-15 16:43:20,974 [main] WARN  o.s.b.a.o.j.JpaBaseConfiguration$JpaWebConfiguration - spring.jpa.open-in-view is enabled by default. Therefore, database queries may be performed during view rendering. Explicitly configure spring.jpa.open-in-view to disable this warning
2023-05-15 16:43:21,222 [main] INFO  o.s.s.web.DefaultSecurityFilterChain - Will secure any request with [org.springframework.security.web.session.DisableEncodeUrlFilter@2100d881, org.springframework.security.web.context.request.async.WebAsyncManagerIntegrationFilter@59881424, org.springframework.security.web.context.SecurityContextHolderFilter@296ddfc7, org.springframework.security.web.header.HeaderWriterFilter@7066c00a, org.springframework.web.filter.CorsFilter@59ac94ad, org.springframework.security.web.authentication.logout.LogoutFilter@168ffb0, com.spe.poll.config.JwtAuthenticationFilter@77acc95a, org.springframework.security.web.savedrequest.RequestCacheAwareFilter@2a742ee4, org.springframework.security.web.servletapi.SecurityContextHolderAwareRequestFilter@7a80b2e6, org.springframework.security.web.authentication.AnonymousAuthenticationFilter@361a618e, org.springframework.security.web.session.SessionManagementFilter@3726fc3b, org.springframework.security.web.access.ExceptionTranslationFilter@4569b6a9, org.springframework.security.web.access.intercept.AuthorizationFilter@7671c02d]
2023-05-15 16:43:21,391 [main] INFO  o.a.coyote.http11.Http11NioProtocol - Starting ProtocolHandler ["http-nio-9191"]
2023-05-15 16:43:21,404 [main] INFO  o.s.b.w.e.tomcat.TomcatWebServer - Tomcat started on port(s): 9191 (http) with context path ''
2023-05-15 16:43:21,414 [main] INFO  com.spe.poll.PollApplication - Started PollApplication in 4.521 seconds (process running for 5.184)
2023-05-15 16:44:53,261 [http-nio-9191-exec-1] INFO  o.a.c.c.C.[Tomcat].[localhost].[/] - Initializing Spring DispatcherServlet 'dispatcherServlet'
2023-05-15 16:44:53,262 [http-nio-9191-exec-1] INFO  o.s.web.servlet.DispatcherServlet - Initializing Servlet 'dispatcherServlet'
2023-05-15 16:44:53,263 [http-nio-9191-exec-1] INFO  o.s.web.servlet.DispatcherServlet - Completed initialization in 1 ms
2023-05-15 16:44:53,488 [http-nio-9191-exec-1] INFO  c.s.p.c.AuthenticationController - success!!
2023-05-15 16:44:53,654 [http-nio-9191-exec-1] DEBUG org.hibernate.SQL - select u1_0.id,u1_0.created_at,u1_0.email,u1_0.food_choice,u1_0.mobile,u1_0.name,u1_0.password,u1_0.role,u1_0.updated_at,u1_0.username from users u1_0 where u1_0.username=?
2023-05-15 16:44:53,790 [http-nio-9191-exec-1] DEBUG org.hibernate.SQL - select u1_0.id,u1_0.created_at,u1_0.email,u1_0.food_choice,u1_0.mobile,u1_0.name,u1_0.password,u1_0.role,u1_0.updated_at,u1_0.username from users u1_0 where u1_0.username=?
